<?xml version="1.0" encoding="UTF-8"?>
<!-- Generated by org.testng.reporters.JUnitReportReporter -->
<testsuite hostname="DESKTOP-D940ASI" failures="0" tests="3" name="com.practicetestautomation.tests.LoginTests" time="16.127" errors="0" timestamp="2023-04-09T18:22:58 EDT" skipped="0">
  <testcase classname="com.practicetestautomation.tests.LoginTests" name="logInTest" time="8.536"/>
  <system-out/>
  <testcase classname="com.practicetestautomation.tests.LoginTests" name="negativeLoginTest" time="4.960"/>
  <system-out/>
  <testcase classname="com.practicetestautomation.tests.LoginTests" name="negativeLoginTest" time="2.631"/>
  <system-out/>
</testsuite> <!-- com.practicetestautomation.tests.LoginTests -->
