<?xml version="1.0" encoding="UTF-8"?>
<!-- Generated by org.testng.reporters.JUnitReportReporter -->
<testsuite hostname="DESKTOP-D940ASI" failures="0" tests="3" name="com.practicetestautomation.tests.LoginTests" time="11.362" errors="0" timestamp="2023-04-09T19:55:53 EDT" skipped="0">
  <testcase classname="com.practicetestautomation.tests.LoginTests" name="logInTest" time="4.461"/>
  <system-out/>
  <testcase classname="com.practicetestautomation.tests.LoginTests" name="negativeLoginTest" time="2.549"/>
  <system-out/>
  <testcase classname="com.practicetestautomation.tests.LoginTests" name="negativeLoginTest" time="4.352"/>
  <system-out/>
</testsuite> <!-- com.practicetestautomation.tests.LoginTests -->
