<?xml version="1.0" encoding="UTF-8"?>
<!-- Generated by org.testng.reporters.JUnitReportReporter -->
<testsuite hostname="DESKTOP-D940ASI" failures="0" tests="2" name="com.practicetestautomation.tests.LoginTests" time="12.555" errors="0" timestamp="2023-03-16T23:24:41 EDT" skipped="0">
  <testcase classname="com.practicetestautomation.tests.LoginTests" name="logInTest" time="5.760"/>
  <system-out/>
  <testcase classname="com.practicetestautomation.tests.LoginTests" name="negativeLoginTest" time="6.795"/>
  <system-out/>
</testsuite> <!-- com.practicetestautomation.tests.LoginTests -->
